cscope 15 $HOME/devel/gcad3d/doc/gcad_doxygen               0000000815
	@Applications.dox

	@Attributes.dox

	@Binary-Format.dox

	@CAD-Objects.dox

	@Download.dox

	@Doxygen_hints.dox

39 \
	g’dv”b©im
 \
£ùiÚ
 
	g´og¿mfžes


40 \
	gv”b©im


	@File-Format-binary.dox

	@File-Format-native.dox

	@GUI.dox

	@Introduction.dox

	@Messages.dox

	@NamingConventions.dox

	@ObjectFormatConversions.dox

	@ProgramFlow.dox

	@Programminginfos.dox

	@ResolveObjects.dox

	@Sourcefiles.dox

	@TODO.dox

	@Temp-Objects.dox

	@Tools-GeometricFunctions.dox

	@Tools-MathNumericFunctions.dox

	@Tools-MemoryFunctions.dox

	@Tools-OperatingSystemFunctions.dox

	@Tools-TextFunctions.dox

	@Userinteractions.dox

	@mainpage.dox

	@modules.dox

	@ruler1.dox

	@ruler2.dox

	@ruler3.dox

	@templateDocu.dox

	@templateSource.dox

	@
1
.
1
/usr/include
32
589
Applications.dox
Attributes.dox
Binary-Format.dox
CAD-Objects.dox
Download.dox
Doxygen_hints.dox
File-Format-binary.dox
File-Format-native.dox
GUI.dox
Introduction.dox
Messages.dox
NamingConventions.dox
ObjectFormatConversions.dox
ProgramFlow.dox
Programminginfos.dox
ResolveObjects.dox
Sourcefiles.dox
TODO.dox
Temp-Objects.dox
Tools-GeometricFunctions.dox
Tools-MathNumericFunctions.dox
Tools-MemoryFunctions.dox
Tools-OperatingSystemFunctions.dox
Tools-TextFunctions.dox
Userinteractions.dox
mainpage.dox
modules.dox
ruler1.dox
ruler2.dox
ruler3.dox
templateDocu.dox
templateSource.dox
